<?xml version="1.0" encoding="UTF-8"?>
<testsuite name="com.quizdeck.example.DummyJUnitTest" tests="3" skipped="0" failures="0" errors="0" timestamp="2016-02-02T04:03:43" hostname="Cade-PC" time="0.003">
  <properties/>
  <testcase name="dummyTest" classname="com.quizdeck.example.DummyJUnitTest" time="0.003"/>
  <testcase name="accessTest" classname="com.quizdeck.example.DummyJUnitTest" time="0.0"/>
  <testcase name="exceptionTest" classname="com.quizdeck.example.DummyJUnitTest" time="0.0"/>
  <system-out><![CDATA[]]></system-out>
  <system-err><![CDATA[]]></system-err>
</testsuite>
