<?xml version="1.0" encoding="UTF-8"?>
<testsuite name="com.quizdeck.QuizDeckApplicationTests" tests="1" skipped="0" failures="0" errors="0" timestamp="2016-02-02T04:03:46" hostname="Cade-PC" time="0.003">
  <properties/>
  <testcase name="contextLoads" classname="com.quizdeck.QuizDeckApplicationTests" time="0.003"/>
  <system-out><![CDATA[22:03:43.809 [Test worker] DEBUG o.s.t.c.j.SpringJUnit4ClassRunner - SpringJUnit4ClassRunner constructor called with [class com.quizdeck.QuizDeckApplicationTests]
22:03:43.813 [Test worker] DEBUG o.s.test.context.BootstrapUtils - Instantiating CacheAwareContextLoaderDelegate from class [org.springframework.test.context.cache.DefaultCacheAwareContextLoaderDelegate]
22:03:43.829 [Test worker] DEBUG o.s.test.context.BootstrapUtils - Instantiating BootstrapContext using constructor [public org.springframework.test.context.support.DefaultBootstrapContext(java.lang.Class,org.springframework.test.context.CacheAwareContextLoaderDelegate)]
22:03:43.846 [Test worker] DEBUG o.s.test.context.BootstrapUtils - Instantiating TestContextBootstrapper for test class [com.quizdeck.QuizDeckApplicationTests] from class [org.springframework.test.context.support.DefaultTestContextBootstrapper]
22:03:43.865 [Test worker] DEBUG o.s.t.c.s.DefaultTestContextBootstrapper - Found explicit ContextLoader class [org.springframework.boot.test.SpringApplicationContextLoader] for context configuration attributes [ContextConfigurationAttributes@5e67196d declaringClass = 'com.quizdeck.QuizDeckApplicationTests', classes = '{class com.quizdeck.Application.QuizDeckApplication}', locations = '{}', inheritLocations = true, initializers = '{}', inheritInitializers = true, name = [null], contextLoaderClass = 'org.springframework.boot.test.SpringApplicationContextLoader']
22:03:43.872 [Test worker] DEBUG o.s.t.c.s.AbstractContextLoader - Did not detect default resource location for test class [com.quizdeck.QuizDeckApplicationTests]: class path resource [com/quizdeck/QuizDeckApplicationTests-context.xml] does not exist
22:03:43.872 [Test worker] DEBUG o.s.t.c.s.AbstractContextLoader - Did not detect default resource location for test class [com.quizdeck.QuizDeckApplicationTests]: class path resource [com/quizdeck/QuizDeckApplicationTestsContext.groovy] does not exist
22:03:43.873 [Test worker] INFO  o.s.t.c.s.AbstractContextLoader - Could not detect default resource locations for test class [com.quizdeck.QuizDeckApplicationTests]: no resource found for suffixes {-context.xml, Context.groovy}.
22:03:43.874 [Test worker] DEBUG o.s.t.c.support.ActiveProfilesUtils - Could not find an 'annotation declaring class' for annotation type [org.springframework.test.context.ActiveProfiles] and class [com.quizdeck.QuizDeckApplicationTests]
22:03:43.878 [Test worker] DEBUG o.s.t.c.s.DefaultTestContextBootstrapper - @TestExecutionListeners is not present for class [com.quizdeck.QuizDeckApplicationTests]: using defaults.
22:03:43.884 [Test worker] INFO  o.s.t.c.s.DefaultTestContextBootstrapper - Loaded default TestExecutionListener class names from location [META-INF/spring.factories]: [org.springframework.test.context.web.ServletTestExecutionListener, org.springframework.test.context.support.DirtiesContextBeforeModesTestExecutionListener, org.springframework.test.context.support.DependencyInjectionTestExecutionListener, org.springframework.test.context.support.DirtiesContextTestExecutionListener, org.springframework.test.context.transaction.TransactionalTestExecutionListener, org.springframework.test.context.jdbc.SqlScriptsTestExecutionListener]
22:03:43.900 [Test worker] INFO  o.s.t.c.s.DefaultTestContextBootstrapper - Using TestExecutionListeners: [org.springframework.test.context.web.ServletTestExecutionListener@dc1def4, org.springframework.test.context.support.DirtiesContextBeforeModesTestExecutionListener@8380ac5, org.springframework.test.context.support.DependencyInjectionTestExecutionListener@4962d50a, org.springframework.test.context.support.DirtiesContextTestExecutionListener@2ceac5d9, org.springframework.test.context.transaction.TransactionalTestExecutionListener@2fdf98ce, org.springframework.test.context.jdbc.SqlScriptsTestExecutionListener@6779c1d2]
22:03:43.902 [Test worker] DEBUG o.s.t.annotation.ProfileValueUtils - Retrieved @ProfileValueSourceConfiguration [null] for test class [com.quizdeck.QuizDeckApplicationTests]
22:03:43.903 [Test worker] DEBUG o.s.t.annotation.ProfileValueUtils - Retrieved ProfileValueSource type [class org.springframework.test.annotation.SystemProfileValueSource] for class [com.quizdeck.QuizDeckApplicationTests]
22:03:43.903 [Test worker] DEBUG o.s.t.annotation.ProfileValueUtils - Retrieved @ProfileValueSourceConfiguration [null] for test class [com.quizdeck.QuizDeckApplicationTests]
22:03:43.903 [Test worker] DEBUG o.s.t.annotation.ProfileValueUtils - Retrieved ProfileValueSource type [class org.springframework.test.annotation.SystemProfileValueSource] for class [com.quizdeck.QuizDeckApplicationTests]
22:03:43.904 [Test worker] DEBUG o.s.t.c.s.AbstractDirtiesContextTestExecutionListener - Before test class: context [DefaultTestContext@6fed8ca3 testClass = QuizDeckApplicationTests, testInstance = [null], testMethod = [null], testException = [null], mergedContextConfiguration = [MergedContextConfiguration@4454d79d testClass = QuizDeckApplicationTests, locations = '{}', classes = '{class com.quizdeck.Application.QuizDeckApplication}', contextInitializerClasses = '[]', activeProfiles = '{}', propertySourceLocations = '{}', propertySourceProperties = '{}', contextLoader = 'org.springframework.boot.test.SpringApplicationContextLoader', parent = [null]]], class annotated with @DirtiesContext [false] with mode [null].
22:03:43.904 [Test worker] DEBUG o.s.t.annotation.ProfileValueUtils - Retrieved @ProfileValueSourceConfiguration [null] for test class [com.quizdeck.QuizDeckApplicationTests]
22:03:43.905 [Test worker] DEBUG o.s.t.annotation.ProfileValueUtils - Retrieved ProfileValueSource type [class org.springframework.test.annotation.SystemProfileValueSource] for class [com.quizdeck.QuizDeckApplicationTests]
22:03:43.906 [Test worker] DEBUG o.s.t.c.s.DependencyInjectionTestExecutionListener - Performing dependency injection for test context [[DefaultTestContext@6fed8ca3 testClass = QuizDeckApplicationTests, testInstance = com.quizdeck.QuizDeckApplicationTests@68a42f71, testMethod = [null], testException = [null], mergedContextConfiguration = [MergedContextConfiguration@4454d79d testClass = QuizDeckApplicationTests, locations = '{}', classes = '{class com.quizdeck.Application.QuizDeckApplication}', contextInitializerClasses = '[]', activeProfiles = '{}', propertySourceLocations = '{}', propertySourceProperties = '{}', contextLoader = 'org.springframework.boot.test.SpringApplicationContextLoader', parent = [null]]]].
22:03:43.980 [Test worker] DEBUG o.s.core.env.StandardEnvironment - Adding [systemProperties] PropertySource with lowest search precedence
22:03:43.981 [Test worker] DEBUG o.s.core.env.StandardEnvironment - Adding [systemEnvironment] PropertySource with lowest search precedence
22:03:43.981 [Test worker] DEBUG o.s.core.env.StandardEnvironment - Initialized StandardEnvironment with PropertySources [systemProperties,systemEnvironment]
22:03:43.982 [Test worker] DEBUG o.s.core.env.StandardEnvironment - Adding [integrationTest] PropertySource with search precedence immediately lower than [systemEnvironment]

  .   ____          _            __ _ _
 /\\ / ___'_ __ _ _(_)_ __  __ _ \ \ \ \
( ( )\___ | '_ | '_| | '_ \/ _` | \ \ \ \
 \\/  ___)| |_)| | | | | || (_| |  ) ) ) )
  '  |____| .__|_| |_|_| |_\__, | / / / /
 =========|_|==============|___/=/_/_/_/
 :: Spring Boot ::        (v1.3.2.RELEASE)

2016-02-01 22:03:44.270  INFO 6404 --- [    Test worker] com.quizdeck.QuizDeckApplicationTests    : Starting QuizDeckApplicationTests on Cade-PC with PID 6404 (C:\Users\Cade\QuizDeck\QuizDeck-Server\build\classes\test started by Cade in C:\Users\Cade\QuizDeck\QuizDeck-Server)
2016-02-01 22:03:44.271  INFO 6404 --- [    Test worker] com.quizdeck.QuizDeckApplicationTests    : No active profile set, falling back to default profiles: default
2016-02-01 22:03:44.301  INFO 6404 --- [    Test worker] s.c.a.AnnotationConfigApplicationContext : Refreshing org.springframework.context.annotation.AnnotationConfigApplicationContext@7a40c6d6: startup date [Mon Feb 01 22:03:44 CST 2016]; root of context hierarchy
2016-02-01 22:03:46.492  INFO 6404 --- [    Test worker] com.quizdeck.QuizDeckApplicationTests    : Started QuizDeckApplicationTests in 2.508 seconds (JVM running for 3.537)
]]></system-out>
  <system-err><![CDATA[]]></system-err>
</testsuite>
